Added Component: Designator=1(1206(2))
Added Component: Designator=C13(C2012)
Added Component: Designator=C14(C2012)
Added Component: Designator=C15(C2012)
Added Component: Designator=C16(C2012)
Added Component: Designator=C17(R2012)
Added Component: Designator=C18(C2012)
Added Component: Designator=C20(C2012)
Added Component: Designator=C21(C2012)
Added Component: Designator=C23(R2012)
Added Component: Designator=C24(C2012)
Added Component: Designator=C25(C2012)
Added Component: Designator=C26(C2012)
Added Component: Designator=C27(C2012)
Added Component: Designator=C28(C2012)
Added Component: Designator=C38(C2012)
Added Component: Designator=C39(C2012)
Added Component: Designator=C40(C2012)
Added Component: Designator=C41(C2012)
Added Component: Designator=C42(C2012)
Added Component: Designator=D2(R2012)
Added Component: Designator=D3(hole-chip diode)
Added Component: Designator=D5(hole-chip diode)
Added Component: Designator=D6(hole-chip diode)
Added Component: Designator=L1(C2012)
Added Component: Designator=L2(C2012)
Added Component: Designator=L3(C2012)
Added Component: Designator=LS1(ABSM-1574)
Added Component: Designator=P6(HDR1X2)
Added Component: Designator=P7(HDR1X2)
Added Component: Designator=P8(HDR1X2)
Added Component: Designator=P9(HDR1X19)
Added Component: Designator=P10(HDR1X3)
Added Component: Designator=P11(HDR1X8)
Added Component: Designator=R3(R2012)
Added Component: Designator=R12(R2012)
Added Component: Designator=R13(1206(2))
Added Component: Designator=R14(R2012)
Added Component: Designator=R15(R2012)
Added Component: Designator=R16(1206(2))
Added Component: Designator=R23(1206(2))
Added Component: Designator=R24(R2012)
Added Component: Designator=R25(R2012)
Added Component: Designator=R26(R2012)
Added Component: Designator=R31(R2012)
Added Component: Designator=R32(R2012)
Added Component: Designator=S5(HDR1X3)
Added Component: Designator=s6(HDR1X3)
Added Component: Designator=sw1(SW-5)
Added Component: Designator=Y3(ÌùÆ¬ÓÐÔ´¾§Ìå)
Added Pin To Net: NetName=VCC Pin=1-1
Added Pin To Net: NetName=PTC11 Pin=1614LDC-2
Added Pin To Net: NetName=3.3V Pin=1614LDC-7
Added Pin To Net: NetName=GND Pin=1614LDC-8
Added Pin To Net: NetName=GND Pin=1614LDC-17
Added Pin To Net: NetName=GND Pin=C14-1
Added Pin To Net: NetName=K3.3V Pin=C14-2
Added Pin To Net: NetName=GND Pin=C15-1
Added Pin To Net: NetName=K3.3V Pin=C15-2
Added Pin To Net: NetName=GND Pin=C16-1
Added Pin To Net: NetName=K3.3V Pin=C16-2
Added Pin To Net: NetName=GND Pin=C17-1
Added Pin To Net: NetName=VCCA Pin=C17-2
Added Pin To Net: NetName=3.3V Pin=C18-1
Added Pin To Net: NetName=GND Pin=C18-2
Added Pin To Net: NetName=GND Pin=C20-1
Added Pin To Net: NetName=K3.3V Pin=C20-2
Added Pin To Net: NetName=GND Pin=C21-1
Added Pin To Net: NetName=NetC21_2 Pin=C21-2
Added Pin To Net: NetName=K3.3V Pin=C23-1
Added Pin To Net: NetName=GND Pin=C23-2
Added Pin To Net: NetName=GND Pin=C24-1
Added Pin To Net: NetName=RESET Pin=C24-2
Added Pin To Net: NetName=GND Pin=C25-1
Added Pin To Net: NetName=NetC25_2 Pin=C25-2
Added Pin To Net: NetName=GND Pin=C26-1
Added Pin To Net: NetName=NetC25_2 Pin=C26-2
Added Pin To Net: NetName=GND Pin=C27-1
Added Pin To Net: NetName=NetC27_2 Pin=C27-2
Added Pin To Net: NetName=GND Pin=C28-1
Added Pin To Net: NetName=NetC28_2 Pin=C28-2
